----------------------------------------------------------------
Wed Oct 15 22:15:20 NZDT 2025:
Booting Derby version The Apache Software Foundation - Apache Derby - 10.14.2.0 - (1828579): instance a816c00e-0199-e727-0db4-0000132771c8 
on database directory C:\Users\Shawn lee\Documents\NetBeansProjects\fateh\PDCAreal\ACCOUNTDATABASE_Ebd with class loader jdk.internal.loader.ClassLoaders$AppClassLoader@70dea4e 
Loaded from file:/C:/Users/Shawn%20lee/Documents/NetBeansProjects/testingdatabase/lib/derby.jar
java.vendor=Oracle Corporation
java.runtime.version=23.0.2+7-58
user.dir=C:\Users\Shawn lee\Documents\NetBeansProjects\fateh\PDCAreal
os.name=Windows 11
os.arch=amd64
os.version=10.0
derby.system.home=null
Database Class Loader started - derby.database.classpath=''
----------------------------------------------------------------
Wed Oct 15 22:15:21 NZDT 2025:
Booting Derby version The Apache Software Foundation - Apache Derby - 10.14.2.0 - (1828579): instance 601a400f-0199-e727-0db4-0000132771c8 
on database directory C:\Users\Shawn lee\Documents\NetBeansProjects\fateh\PDCAreal\STATSDATABASE_Ebd with class loader jdk.internal.loader.ClassLoaders$AppClassLoader@70dea4e 
Loaded from file:/C:/Users/Shawn%20lee/Documents/NetBeansProjects/testingdatabase/lib/derby.jar
java.vendor=Oracle Corporation
java.runtime.version=23.0.2+7-58
user.dir=C:\Users\Shawn lee\Documents\NetBeansProjects\fateh\PDCAreal
os.name=Windows 11
os.arch=amd64
os.version=10.0
derby.system.home=null
Database Class Loader started - derby.database.classpath=''
